<?xml version="1.0" encoding="UTF-8"?>
<!-- Generated by org.testng.reporters.JUnitReportReporter -->
<testsuite hostname="DESKTOP-98PBATV" failures="0" tests="3" name="BasicTestNGExamples.IntroductionToTestNG" time="0.015" errors="0" timestamp="2022-04-30T17:29:02 IST" skipped="0">
  <testcase classname="BasicTestNGExamples.IntroductionToTestNG" name="openUrl" time="0.011"/>
  <system-out>
    <![CDATA[Url is opened]]>
  </system-out>
  <testcase classname="BasicTestNGExamples.IntroductionToTestNG" name="login" time="0.002"/>
  <system-out>
    <![CDATA[login is sucessfull]]>
  </system-out>
  <testcase classname="BasicTestNGExamples.IntroductionToTestNG" name="logout" time="0.002"/>
  <system-out>
    <![CDATA[logout is sucessfull
All events are completed sucessfully]]>
  </system-out>
</testsuite> <!-- BasicTestNGExamples.IntroductionToTestNG -->
