<?xml version="1.0" encoding="UTF-8"?>
<!-- Generated by org.testng.reporters.JUnitReportReporter -->
<testsuite hostname="DESKTOP-98PBATV" failures="0" tests="1" name="KeyWordGrouping.TestCase2" time="0.002" errors="0" timestamp="2022-05-06T13:07:48 IST" skipped="0">
  <testcase classname="KeyWordGrouping.TestCase2" name="Test4" time="0.002"/>
  <system-out/>
</testsuite> <!-- KeyWordGrouping.TestCase2 -->
