<?xml version="1.0" encoding="UTF-8"?>
<!-- Generated by org.testng.reporters.JUnitReportReporter -->
<testsuite hostname="DESKTOP-98PBATV" failures="0" tests="3" name="TestAnotationExamples.TC1" time="0.009" errors="0" timestamp="2022-05-06T12:25:52 IST" skipped="0">
  <testcase classname="TestAnotationExamples.TC1" name="m3" time="0.002"/>
  <system-out/>
  <testcase classname="TestAnotationExamples.TC1" name="m1" time="0.004"/>
  <system-out/>
  <testcase classname="TestAnotationExamples.TC1" name="m2" time="0.003"/>
  <system-out/>
</testsuite> <!-- TestAnotationExamples.TC1 -->
