<?xml version="1.0" encoding="UTF-8"?>
<!-- Generated by org.testng.reporters.JUnitReportReporter -->
<testsuite hostname="DESKTOP-98PBATV" failures="0" tests="3" name="TestAnotationExamples.TC2" time="0.027" errors="0" timestamp="2022-05-06T12:25:52 IST" skipped="0">
  <testcase classname="TestAnotationExamples.TC2" name="m5" time="0.013"/>
  <system-out/>
  <testcase classname="TestAnotationExamples.TC2" name="m4" time="0.008"/>
  <system-out/>
  <testcase classname="TestAnotationExamples.TC2" name="m6" time="0.006"/>
  <system-out/>
</testsuite> <!-- TestAnotationExamples.TC2 -->
