<?xml version="1.0" encoding="UTF-8"?>
<!-- Generated by org.testng.reporters.JUnitReportReporter -->
<testsuite hostname="DESKTOP-98PBATV" failures="0" tests="1" name="KeyWordGrouping.TestCase3" time="0.004" errors="0" timestamp="2022-05-06T13:07:48 IST" skipped="0">
  <testcase classname="KeyWordGrouping.TestCase3" name="Test7" time="0.004"/>
  <system-out/>
</testsuite> <!-- KeyWordGrouping.TestCase3 -->
