<?xml version="1.0" encoding="UTF-8"?>
<!-- Generated by org.testng.reporters.JUnitReportReporter -->
<testsuite hostname="DESKTOP-98PBATV" failures="0" tests="2" name="KeywordsTestNG.InvocationCountWithThreadPoolSize" time="66.628" errors="0" timestamp="2022-05-06T12:49:19 IST" skipped="0">
  <testcase classname="KeywordsTestNG.InvocationCountWithThreadPoolSize" name="LaunchBrowser" time="33.300"/>
  <system-out/>
  <testcase classname="KeywordsTestNG.InvocationCountWithThreadPoolSize" name="LaunchBrowser" time="33.328"/>
  <system-out/>
</testsuite> <!-- KeywordsTestNG.InvocationCountWithThreadPoolSize -->
