<?xml version="1.0" encoding="UTF-8"?>
<!-- Generated by org.testng.reporters.JUnitReportReporter -->
<testsuite hostname="DESKTOP-98PBATV" failures="0" tests="1" name="KeyWordGrouping.TestCase1" time="0.009" errors="0" timestamp="2022-05-06T13:07:48 IST" skipped="0">
  <testcase classname="KeyWordGrouping.TestCase1" name="Test1" time="0.009"/>
  <system-out/>
</testsuite> <!-- KeyWordGrouping.TestCase1 -->
